2019-08-18 04:12:42.021+0000 INFO [o.n.g.f.m.e.CommunityEditionModule] No locking implementation specified, defaulting to 'community'
2019-08-18 04:12:42.189+0000 INFO [o.n.g.f.GraphDatabaseFacadeFactory] Creating 'graph.db' database.
2019-08-18 04:12:42.220+0000 INFO [o.n.k.a.DatabaseAvailabilityGuard] Requirement `Database available` makes database graph.db unavailable.
2019-08-18 04:12:42.221+0000 INFO [o.n.k.a.DatabaseAvailabilityGuard] Database graph.db is unavailable.
2019-08-18 04:12:42.238+0000 INFO [o.n.i.d.DiagnosticsManager] --- INITIALIZED diagnostics START ---
2019-08-18 04:12:42.238+0000 INFO [o.n.i.d.DiagnosticsManager] Neo4j Kernel properties:
2019-08-18 04:12:42.238+0000 INFO [o.n.i.d.DiagnosticsManager] dbms.connector.http.enabled=true
2019-08-18 04:12:42.238+0000 INFO [o.n.i.d.DiagnosticsManager] causal_clustering.discovery_listen_address=0.0.0.0:5000
2019-08-18 04:12:42.239+0000 INFO [o.n.i.d.DiagnosticsManager] dbms.security.auth_enabled=false
2019-08-18 04:12:42.239+0000 INFO [o.n.i.d.DiagnosticsManager] dbms.connector.http.listen_address=0.0.0.0:7474
2019-08-18 04:12:42.239+0000 INFO [o.n.i.d.DiagnosticsManager] unsupported.dbms.directories.neo4j_home=/var/lib/neo4j
2019-08-18 04:12:42.239+0000 INFO [o.n.i.d.DiagnosticsManager] dbms.directories.import=import
2019-08-18 04:12:42.239+0000 INFO [o.n.i.d.DiagnosticsManager] causal_clustering.raft_advertised_address=281d591e64f7:7000
2019-08-18 04:12:42.239+0000 INFO [o.n.i.d.DiagnosticsManager] dbms.memory.heap.initial_size=512M
2019-08-18 04:12:42.239+0000 INFO [o.n.i.d.DiagnosticsManager] causal_clustering.raft_listen_address=0.0.0.0:7000
2019-08-18 04:12:42.240+0000 INFO [o.n.i.d.DiagnosticsManager] ha.host.coordination=281d591e64f7:5001
2019-08-18 04:12:42.240+0000 INFO [o.n.i.d.DiagnosticsManager] dbms.connector.https.enabled=true
2019-08-18 04:12:42.240+0000 INFO [o.n.i.d.DiagnosticsManager] dbms.jvm.additional=-XX:+UseG1GC
2019-08-18 04:12:42.240+0000 INFO [o.n.i.d.DiagnosticsManager] dbms.tx_log.rotation.retention_policy=100M size
2019-08-18 04:12:42.240+0000 INFO [o.n.i.d.DiagnosticsManager] dbms.memory.heap.max_size=4G
2019-08-18 04:12:42.240+0000 INFO [o.n.i.d.DiagnosticsManager] dbms.connectors.default_listen_address=0.0.0.0
2019-08-18 04:12:42.240+0000 INFO [o.n.i.d.DiagnosticsManager] EDITION=community
2019-08-18 04:12:42.241+0000 INFO [o.n.i.d.DiagnosticsManager] dbms.windows_service_name=neo4j
2019-08-18 04:12:42.241+0000 INFO [o.n.i.d.DiagnosticsManager] dbms.connector.https.listen_address=0.0.0.0:7473
2019-08-18 04:12:42.241+0000 INFO [o.n.i.d.DiagnosticsManager] dbms.connector.bolt.listen_address=0.0.0.0:7687
2019-08-18 04:12:42.241+0000 INFO [o.n.i.d.DiagnosticsManager] causal_clustering.transaction_advertised_address=281d591e64f7:6000
2019-08-18 04:12:42.241+0000 INFO [o.n.i.d.DiagnosticsManager] causal_clustering.discovery_advertised_address=281d591e64f7:5000
2019-08-18 04:12:42.241+0000 INFO [o.n.i.d.DiagnosticsManager] dbms.memory.pagecache.size=512M
2019-08-18 04:12:42.241+0000 INFO [o.n.i.d.DiagnosticsManager] ha.host.data=281d591e64f7:6001
2019-08-18 04:12:42.242+0000 INFO [o.n.i.d.DiagnosticsManager] unsupported.dbms.edition=community
2019-08-18 04:12:42.242+0000 INFO [o.n.i.d.DiagnosticsManager] dbms.directories.logs=/logs
2019-08-18 04:12:42.242+0000 INFO [o.n.i.d.DiagnosticsManager] dbms.connector.bolt.enabled=true
2019-08-18 04:12:42.242+0000 INFO [o.n.i.d.DiagnosticsManager] causal_clustering.transaction_listen_address=0.0.0.0:6000
2019-08-18 04:12:42.242+0000 INFO [o.n.i.d.DiagnosticsManager] wrapper.java.additional=-Dneo4j.ext.udc.source=docker
2019-08-18 04:12:42.242+0000 INFO [o.n.i.d.DiagnosticsManager] dbms.directories.plugins=/plugins
2019-08-18 04:12:42.242+0000 INFO [o.n.i.d.DiagnosticsManager] HOME=/var/lib/neo4j
2019-08-18 04:12:42.242+0000 INFO [o.n.i.d.DiagnosticsManager] Diagnostics providers:
2019-08-18 04:12:42.243+0000 INFO [o.n.i.d.DiagnosticsManager] org.neo4j.kernel.configuration.Config
2019-08-18 04:12:42.243+0000 INFO [o.n.i.d.DiagnosticsManager] org.neo4j.internal.diagnostics.DiagnosticsManager
2019-08-18 04:12:42.243+0000 INFO [o.n.i.d.DiagnosticsManager] SYSTEM_MEMORY
2019-08-18 04:12:42.243+0000 INFO [o.n.i.d.DiagnosticsManager] JAVA_MEMORY
2019-08-18 04:12:42.243+0000 INFO [o.n.i.d.DiagnosticsManager] OPERATING_SYSTEM
2019-08-18 04:12:42.243+0000 INFO [o.n.i.d.DiagnosticsManager] JAVA_VIRTUAL_MACHINE
2019-08-18 04:12:42.243+0000 INFO [o.n.i.d.DiagnosticsManager] CLASSPATH
2019-08-18 04:12:42.243+0000 INFO [o.n.i.d.DiagnosticsManager] LIBRARY_PATH
2019-08-18 04:12:42.243+0000 INFO [o.n.i.d.DiagnosticsManager] SYSTEM_PROPERTIES
2019-08-18 04:12:42.244+0000 INFO [o.n.i.d.DiagnosticsManager] TIMEZONE_DATABASE
2019-08-18 04:12:42.244+0000 INFO [o.n.i.d.DiagnosticsManager] LINUX_SCHEDULERS
2019-08-18 04:12:42.244+0000 INFO [o.n.i.d.DiagnosticsManager] NETWORK
2019-08-18 04:12:42.244+0000 INFO [o.n.i.d.DiagnosticsManager] System memory information:
2019-08-18 04:12:42.258+0000 INFO [o.n.i.d.DiagnosticsManager] Total Physical memory: 15.55 GB
2019-08-18 04:12:42.258+0000 INFO [o.n.i.d.DiagnosticsManager] Free Physical memory: 6.95 GB
2019-08-18 04:12:42.258+0000 INFO [o.n.i.d.DiagnosticsManager] Committed virtual memory: 7.66 GB
2019-08-18 04:12:42.259+0000 INFO [o.n.i.d.DiagnosticsManager] Total swap space: 2.00 GB
2019-08-18 04:12:42.259+0000 INFO [o.n.i.d.DiagnosticsManager] Free swap space: 2.00 GB
2019-08-18 04:12:42.259+0000 INFO [o.n.i.d.DiagnosticsManager] JVM memory information:
2019-08-18 04:12:42.259+0000 INFO [o.n.i.d.DiagnosticsManager] Free  memory: 488.52 MB
2019-08-18 04:12:42.259+0000 INFO [o.n.i.d.DiagnosticsManager] Total memory: 512.00 MB
2019-08-18 04:12:42.259+0000 INFO [o.n.i.d.DiagnosticsManager] Max   memory: 4.00 GB
2019-08-18 04:12:42.260+0000 INFO [o.n.i.d.DiagnosticsManager] Garbage Collector: G1 Young Generation: [G1 Eden Space, G1 Survivor Space, G1 Old Gen]
2019-08-18 04:12:42.260+0000 INFO [o.n.i.d.DiagnosticsManager] Garbage Collector: G1 Old Generation: [G1 Eden Space, G1 Survivor Space, G1 Old Gen]
2019-08-18 04:12:42.261+0000 INFO [o.n.i.d.DiagnosticsManager] Memory Pool: Code Cache (Non-heap memory): committed=6.38 MB, used=6.33 MB, max=240.00 MB, threshold=0.00 B
2019-08-18 04:12:42.261+0000 INFO [o.n.i.d.DiagnosticsManager] Memory Pool: Metaspace (Non-heap memory): committed=21.12 MB, used=20.11 MB, max=-1.00 B, threshold=0.00 B
2019-08-18 04:12:42.261+0000 INFO [o.n.i.d.DiagnosticsManager] Memory Pool: Compressed Class Space (Non-heap memory): committed=2.62 MB, used=2.33 MB, max=1.00 GB, threshold=0.00 B
2019-08-18 04:12:42.261+0000 INFO [o.n.i.d.DiagnosticsManager] Memory Pool: G1 Eden Space (Heap memory): committed=290.00 MB, used=0.00 B, max=-1.00 B, threshold=?
2019-08-18 04:12:42.262+0000 INFO [o.n.i.d.DiagnosticsManager] Memory Pool: G1 Survivor Space (Heap memory): committed=11.00 MB, used=11.00 MB, max=-1.00 B, threshold=?
2019-08-18 04:12:42.262+0000 INFO [o.n.i.d.DiagnosticsManager] Memory Pool: G1 Old Gen (Heap memory): committed=211.00 MB, used=11.98 MB, max=4.00 GB, threshold=0.00 B
2019-08-18 04:12:42.262+0000 INFO [o.n.i.d.DiagnosticsManager] Operating system information:
2019-08-18 04:12:42.262+0000 INFO [o.n.i.d.DiagnosticsManager] Operating System: Linux; version: 5.0.0-23-generic; arch: amd64; cpus: 8
2019-08-18 04:12:42.262+0000 INFO [o.n.i.d.DiagnosticsManager] Max number of file descriptors: 1048576
2019-08-18 04:12:42.263+0000 INFO [o.n.i.d.DiagnosticsManager] Number of open file descriptors: 131
2019-08-18 04:12:42.264+0000 INFO [o.n.i.d.DiagnosticsManager] Process id: 6@281d591e64f7
2019-08-18 04:12:42.264+0000 INFO [o.n.i.d.DiagnosticsManager] Byte order: LITTLE_ENDIAN
2019-08-18 04:12:42.266+0000 INFO [o.n.i.d.DiagnosticsManager] Local timezone: Etc/UTC
2019-08-18 04:12:42.267+0000 INFO [o.n.i.d.DiagnosticsManager] JVM information:
2019-08-18 04:12:42.272+0000 INFO [o.n.i.d.DiagnosticsManager] VM Name: OpenJDK 64-Bit Server VM
2019-08-18 04:12:42.272+0000 INFO [o.n.i.d.DiagnosticsManager] VM Vendor: Oracle Corporation
2019-08-18 04:12:42.273+0000 INFO [o.n.i.d.DiagnosticsManager] VM Version: 25.222-b10
2019-08-18 04:12:42.273+0000 INFO [o.n.i.d.DiagnosticsManager] JIT compiler: HotSpot 64-Bit Tiered Compilers
2019-08-18 04:12:42.273+0000 INFO [o.n.i.d.DiagnosticsManager] VM Arguments: [-Xms512M, -Xmx4G, -XX:+UseG1GC, -XX:-OmitStackTraceInFastThrow, -XX:+AlwaysPreTouch, -XX:+UnlockExperimentalVMOptions, -XX:+TrustFinalNonStaticFields, -XX:+DisableExplicitGC, -Djdk.tls.ephemeralDHKeySize=2048, -Djdk.tls.rejectClientInitiatedRenegotiation=true, -Dunsupported.dbms.udc.source=tarball, -Dfile.encoding=UTF-8]
2019-08-18 04:12:42.273+0000 INFO [o.n.i.d.DiagnosticsManager] Java classpath:
2019-08-18 04:12:42.276+0000 INFO [o.n.i.d.DiagnosticsManager]  [classpath + loader.0] file:/var/lib/neo4j/lib/neo4j-front-end-3.5-3.5.7.jar
2019-08-18 04:12:42.276+0000 INFO [o.n.i.d.DiagnosticsManager]  [classpath + loader.0] file:/var/lib/neo4j/lib/jackson-core-asl-1.9.13.jar
2019-08-18 04:12:42.276+0000 INFO [o.n.i.d.DiagnosticsManager]  [classpath + loader.0] file:/var/lib/neo4j/lib/neo4j-cypher-planner-3.5-3.5.7.jar
2019-08-18 04:12:42.276+0000 INFO [o.n.i.d.DiagnosticsManager]  [classpath + loader.0] file:/var/lib/neo4j/lib/jetty-http-9.4.17.v20190418.jar
2019-08-18 04:12:42.276+0000 INFO [o.n.i.d.DiagnosticsManager]  [loader.1] file:/usr/local/openjdk-8/lib/ext/zipfs.jar
2019-08-18 04:12:42.276+0000 INFO [o.n.i.d.DiagnosticsManager]  [classpath + loader.0] file:/var/lib/neo4j/lib/concurrentlinkedhashmap-lru-1.4.2.jar
2019-08-18 04:12:42.276+0000 INFO [o.n.i.d.DiagnosticsManager]  [classpath + loader.0] file:/var/lib/neo4j/lib/jPowerShell-1.9.jar
2019-08-18 04:12:42.276+0000 INFO [o.n.i.d.DiagnosticsManager]  [classpath + loader.0] file:/var/lib/neo4j/lib/neo4j-import-tool-3.5.7.jar
2019-08-18 04:12:42.276+0000 INFO [o.n.i.d.DiagnosticsManager]  [loader.1] file:/usr/local/openjdk-8/lib/ext/sunec.jar
2019-08-18 04:12:42.276+0000 INFO [o.n.i.d.DiagnosticsManager]  [classpath + loader.0] file:/var/lib/neo4j/lib/neo4j-security-3.5.7.jar
2019-08-18 04:12:42.276+0000 INFO [o.n.i.d.DiagnosticsManager]  [classpath + loader.0] file:/var/lib/neo4j/lib/neo4j-index-3.5.7.jar
2019-08-18 04:12:42.276+0000 INFO [o.n.i.d.DiagnosticsManager]  [classpath + loader.0] file:/var/lib/neo4j/lib/neo4j-legacy-3.5.7.jar
2019-08-18 04:12:42.276+0000 INFO [o.n.i.d.DiagnosticsManager]  [classpath + loader.0] file:/plugins/*
2019-08-18 04:12:42.276+0000 INFO [o.n.i.d.DiagnosticsManager]  [loader.1] file:/usr/local/openjdk-8/lib/ext/sunjce_provider.jar
2019-08-18 04:12:42.276+0000 INFO [o.n.i.d.DiagnosticsManager]  [classpath + loader.0] file:/var/lib/neo4j/lib/jetty-io-9.4.17.v20190418.jar
2019-08-18 04:12:42.276+0000 INFO [o.n.i.d.DiagnosticsManager]  [classpath + loader.0] file:/var/lib/neo4j/lib/neo4j-parser-3.5-3.5.7.jar
2019-08-18 04:12:42.277+0000 INFO [o.n.i.d.DiagnosticsManager]  [classpath + loader.0] file:/var/lib/neo4j/lib/neo4j-jmx-3.5.7.jar
2019-08-18 04:12:42.277+0000 INFO [o.n.i.d.DiagnosticsManager]  [classpath + loader.0] file:/var/lib/neo4j/lib/jersey-server-1.19.3.jar
2019-08-18 04:12:42.277+0000 INFO [o.n.i.d.DiagnosticsManager]  [classpath + loader.0] file:/var/lib/neo4j/lib/jaxb-runtime-2.3.0.1.jar
2019-08-18 04:12:42.277+0000 INFO [o.n.i.d.DiagnosticsManager]  [classpath + loader.0] file:/var/lib/neo4j/lib/neo4j-udc-3.5.7.jar
2019-08-18 04:12:42.277+0000 INFO [o.n.i.d.DiagnosticsManager]  [classpath + loader.0] file:/var/lib/neo4j/lib/neo4j-logging-3.5.7.jar
2019-08-18 04:12:42.277+0000 INFO [o.n.i.d.DiagnosticsManager]  [classpath + loader.0] file:/var/lib/neo4j/lib/neo4j-concurrent-3.5.7.jar
2019-08-18 04:12:42.277+0000 INFO [o.n.i.d.DiagnosticsManager]  [classpath + loader.0] file:/var/lib/neo4j/lib/commons-io-2.6.jar
2019-08-18 04:12:42.277+0000 INFO [o.n.i.d.DiagnosticsManager]  [loader.1] file:/usr/local/openjdk-8/lib/ext/dnsns.jar
2019-08-18 04:12:42.277+0000 INFO [o.n.i.d.DiagnosticsManager]  [classpath + loader.0] file:/var/lib/neo4j/lib/jersey-core-1.19.3.jar
2019-08-18 04:12:42.277+0000 INFO [o.n.i.d.DiagnosticsManager]  [classpath + loader.0] file:/var/lib/neo4j/lib/jetty-webapp-9.4.17.v20190418.jar
2019-08-18 04:12:42.277+0000 INFO [o.n.i.d.DiagnosticsManager]  [classpath + loader.0] file:/var/lib/neo4j/lib/jetty-xml-9.4.17.v20190418.jar
2019-08-18 04:12:42.277+0000 INFO [o.n.i.d.DiagnosticsManager]  [classpath + loader.0] file:/var/lib/neo4j/lib/commons-configuration-1.10.jar
2019-08-18 04:12:42.277+0000 INFO [o.n.i.d.DiagnosticsManager]  [loader.1] file:/usr/local/openjdk-8/lib/ext/cldrdata.jar
2019-08-18 04:12:42.277+0000 INFO [o.n.i.d.DiagnosticsManager]  [bootstrap] /usr/local/openjdk-8/lib/charsets.jar
2019-08-18 04:12:42.277+0000 INFO [o.n.i.d.DiagnosticsManager]  [classpath + loader.0] file:/var/lib/neo4j/lib/zstd-proxy-3.5.7.jar
2019-08-18 04:12:42.277+0000 INFO [o.n.i.d.DiagnosticsManager]  [classpath + loader.0] file:/var/lib/neo4j/lib/jersey-servlet-1.19.3.jar
2019-08-18 04:12:42.277+0000 INFO [o.n.i.d.DiagnosticsManager]  [classpath + loader.0] file:/var/lib/neo4j/lib/neo4j-cypher-logical-plans-3.4-3.4.14.jar
2019-08-18 04:12:42.277+0000 INFO [o.n.i.d.DiagnosticsManager]  [classpath + loader.0] file:/var/lib/neo4j/lib/neo4j-cypher-interpreted-runtime-3.5.7.jar
2019-08-18 04:12:42.278+0000 INFO [o.n.i.d.DiagnosticsManager]  [classpath + loader.0] file:/var/lib/neo4j/lib/neo4j-expressions-3.5-3.5.7.jar
2019-08-18 04:12:42.278+0000 INFO [o.n.i.d.DiagnosticsManager]  [bootstrap] /usr/local/openjdk-8/lib/resources.jar
2019-08-18 04:12:42.278+0000 INFO [o.n.i.d.DiagnosticsManager]  [classpath + loader.0] file:/var/lib/neo4j/lib/neo4j-dbms-3.5.7.jar
2019-08-18 04:12:42.278+0000 INFO [o.n.i.d.DiagnosticsManager]  [classpath + loader.0] file:/var/lib/neo4j/lib/neo4j-unsafe-3.5.7.jar
2019-08-18 04:12:42.278+0000 INFO [o.n.i.d.DiagnosticsManager]  [classpath + loader.0] file:/var/lib/neo4j/lib/scala-library-2.11.12.jar
2019-08-18 04:12:42.278+0000 INFO [o.n.i.d.DiagnosticsManager]  [classpath + loader.0] file:/var/lib/neo4j/lib/neo4j-cypher-ir-3.4-3.4.14.jar
2019-08-18 04:12:42.278+0000 INFO [o.n.i.d.DiagnosticsManager]  [classpath + loader.0] file:/var/lib/neo4j/lib/openCypher-frontend-1-3.4.14.jar
2019-08-18 04:12:42.278+0000 INFO [o.n.i.d.DiagnosticsManager]  [bootstrap] /usr/local/openjdk-8/lib/jsse.jar
2019-08-18 04:12:42.278+0000 INFO [o.n.i.d.DiagnosticsManager]  [classpath + loader.0] file:/var/lib/neo4j/lib/neo4j-browser-3.2.20.jar
2019-08-18 04:12:42.278+0000 INFO [o.n.i.d.DiagnosticsManager]  [classpath + loader.0] file:/var/lib/neo4j/lib/neo4j-values-3.5.7.jar
2019-08-18 04:12:42.278+0000 INFO [o.n.i.d.DiagnosticsManager]  [classpath + loader.0] file:/var/lib/neo4j/lib/neo4j-command-line-3.5.7.jar
2019-08-18 04:12:42.278+0000 INFO [o.n.i.d.DiagnosticsManager]  [loader.1] file:/usr/local/openjdk-8/lib/ext/localedata.jar
2019-08-18 04:12:42.278+0000 INFO [o.n.i.d.DiagnosticsManager]  [classpath + loader.0] file:/var/lib/neo4j/lib/jetty-server-9.4.17.v20190418.jar
2019-08-18 04:12:42.278+0000 INFO [o.n.i.d.DiagnosticsManager]  [classpath + loader.0] file:/var/lib/neo4j/lib/neo4j-graph-algo-3.5.7.jar
2019-08-18 04:12:42.278+0000 INFO [o.n.i.d.DiagnosticsManager]  [classpath + loader.0] file:/var/lib/neo4j/lib/neo4j-spatial-index-3.5.7.jar
2019-08-18 04:12:42.278+0000 INFO [o.n.i.d.DiagnosticsManager]  [classpath + loader.0] file:/var/lib/neo4j/lib/jaxb-core-2.3.0.1.jar
2019-08-18 04:12:42.278+0000 INFO [o.n.i.d.DiagnosticsManager]  [classpath + loader.0] file:/var/lib/neo4j/lib/neo4j-util-3.5-3.5.7.jar
2019-08-18 04:12:42.278+0000 INFO [o.n.i.d.DiagnosticsManager]  [classpath + loader.0] file:/var/lib/neo4j/lib/neo4j-kernel-3.5.7.jar
2019-08-18 04:12:42.279+0000 INFO [o.n.i.d.DiagnosticsManager]  [classpath + loader.0] file:/var/lib/neo4j/lib/javax.servlet-api-3.1.0.jar
2019-08-18 04:12:42.279+0000 INFO [o.n.i.d.DiagnosticsManager]  [bootstrap] /usr/local/openjdk-8/lib/sunrsasign.jar
2019-08-18 04:12:42.279+0000 INFO [o.n.i.d.DiagnosticsManager]  [classpath + loader.0] file:/var/lib/neo4j/lib/neo4j-cypher-planner-spi-3.4-3.4.14.jar
2019-08-18 04:12:42.279+0000 INFO [o.n.i.d.DiagnosticsManager]  [classpath + loader.0] file:/var/lib/neo4j/lib/jProcesses-1.6.4.jar
2019-08-18 04:12:42.279+0000 INFO [o.n.i.d.DiagnosticsManager]  [classpath + loader.0] file:/var/lib/neo4j/lib/neo4j-cypher-compiler-2.3-2.3.12.jar
2019-08-18 04:12:42.279+0000 INFO [o.n.i.d.DiagnosticsManager]  [classpath + loader.0] file:/var/lib/neo4j/lib/neo4j-fulltext-index-3.5.7.jar
2019-08-18 04:12:42.279+0000 INFO [o.n.i.d.DiagnosticsManager]  [loader.1] file:/usr/local/openjdk-8/lib/ext/sunpkcs11.jar
2019-08-18 04:12:42.279+0000 INFO [o.n.i.d.DiagnosticsManager]  [classpath + loader.0] file:/var/lib/neo4j/lib/scala-reflect-2.11.12.jar
2019-08-18 04:12:42.279+0000 INFO [o.n.i.d.DiagnosticsManager]  [classpath + loader.0] file:/var/lib/neo4j/lib/neo4j-bolt-3.5.7.jar
2019-08-18 04:12:42.279+0000 INFO [o.n.i.d.DiagnosticsManager]  [classpath + loader.0] file:/var/lib/neo4j/lib/neo4j-common-3.5.7.jar
2019-08-18 04:12:42.279+0000 INFO [o.n.i.d.DiagnosticsManager]  [classpath + loader.0] file:/var/lib/neo4j/lib/neo4j-annotation-processors-3.5.7.jar
2019-08-18 04:12:42.279+0000 INFO [o.n.i.d.DiagnosticsManager]  [classpath + loader.0] file:/var/lib/neo4j/lib/commons-lang-2.6.jar
2019-08-18 04:12:42.279+0000 INFO [o.n.i.d.DiagnosticsManager]  [classpath + loader.0] file:/var/lib/neo4j/lib/lucene-core-5.5.5.jar
2019-08-18 04:12:42.279+0000 INFO [o.n.i.d.DiagnosticsManager]  [classpath + loader.0] file:/var/lib/neo4j/lib/commons-compress-1.18.jar
2019-08-18 04:12:42.279+0000 INFO [o.n.i.d.DiagnosticsManager]  [classpath + loader.0] file:/var/lib/neo4j/lib/lucene-codecs-5.5.5.jar
2019-08-18 04:12:42.279+0000 INFO [o.n.i.d.DiagnosticsManager]  [classpath + loader.0] file:/var/lib/neo4j/lib/neo4j-cypher-planner-spi-3.5-3.5.7.jar
2019-08-18 04:12:42.279+0000 INFO [o.n.i.d.DiagnosticsManager]  [classpath + loader.0] file:/var/lib/neo4j/lib/neo4j-ssl-3.5.7.jar
2019-08-18 04:12:42.279+0000 INFO [o.n.i.d.DiagnosticsManager]  [classpath + loader.0] file:/var/lib/neo4j/lib/neo4j-ast-3.5-3.5.7.jar
2019-08-18 04:12:42.279+0000 INFO [o.n.i.d.DiagnosticsManager]  [classpath + loader.0] file:/var/lib/neo4j/lib/neo4j-lucene-upgrade-3.5.7.jar
2019-08-18 04:12:42.280+0000 INFO [o.n.i.d.DiagnosticsManager]  [bootstrap] /usr/local/openjdk-8/lib/rt.jar
2019-08-18 04:12:42.280+0000 INFO [o.n.i.d.DiagnosticsManager]  [classpath + loader.0] file:/var/lib/neo4j/lib/activation-1.1.1.jar
2019-08-18 04:12:42.280+0000 INFO [o.n.i.d.DiagnosticsManager]  [classpath + loader.0] file:/var/lib/neo4j/lib/neo4j-csv-3.5.7.jar
2019-08-18 04:12:42.280+0000 INFO [o.n.i.d.DiagnosticsManager]  [classpath + loader.0] file:/var/lib/neo4j/lib/neo4j-cypher-compiler-3.1-3.1.9.jar
2019-08-18 04:12:42.280+0000 INFO [o.n.i.d.DiagnosticsManager]  [classpath + loader.0] file:/var/lib/neo4j/lib/eclipse-collections-9.2.0.jar
2019-08-18 04:12:42.280+0000 INFO [o.n.i.d.DiagnosticsManager]  [classpath + loader.0] file:/var/lib/neo4j/lib/neo4j-3.5.7.jar
2019-08-18 04:12:42.280+0000 INFO [o.n.i.d.DiagnosticsManager]  [classpath + loader.0] file:/var/lib/neo4j/lib/neo4j-cypher-util-3.4-3.4.14.jar
2019-08-18 04:12:42.280+0000 INFO [o.n.i.d.DiagnosticsManager]  [classpath + loader.0] file:/var/lib/neo4j/lib/neo4j-kernel-api-3.5.7.jar
2019-08-18 04:12:42.280+0000 INFO [o.n.i.d.DiagnosticsManager]  [classpath + loader.0] file:/var/lib/neo4j/lib/commons-lang3-3.8.jar
2019-08-18 04:12:42.280+0000 INFO [o.n.i.d.DiagnosticsManager]  [classpath + loader.0] file:/var/lib/neo4j/lib/neo4j-cypher-runtime-util-3.5.7.jar
2019-08-18 04:12:42.280+0000 INFO [o.n.i.d.DiagnosticsManager]  [classpath + loader.0] file:/var/lib/neo4j/lib/FastInfoset-1.2.13.jar
2019-08-18 04:12:42.280+0000 INFO [o.n.i.d.DiagnosticsManager]  [classpath + loader.0] file:/var/lib/neo4j/conf/
2019-08-18 04:12:42.280+0000 INFO [o.n.i.d.DiagnosticsManager]  [classpath + loader.0] file:/var/lib/neo4j/lib/neo4j-lucene-index-3.5.7.jar
2019-08-18 04:12:42.280+0000 INFO [o.n.i.d.DiagnosticsManager]  [classpath + loader.0] file:/var/lib/neo4j/lib/neo4j-procedure-api-3.5.7.jar
2019-08-18 04:12:42.280+0000 INFO [o.n.i.d.DiagnosticsManager]  [classpath + loader.0] file:/var/lib/neo4j/lib/jetty-util-9.4.17.v20190418.jar
2019-08-18 04:12:42.280+0000 INFO [o.n.i.d.DiagnosticsManager]  [classpath + loader.0] file:/var/lib/neo4j/lib/jaxb-api-2.3.0.jar
2019-08-18 04:12:42.280+0000 INFO [o.n.i.d.DiagnosticsManager]  [classpath + loader.0] file:/var/lib/neo4j/lib/neo4j-resource-3.5.7.jar
2019-08-18 04:12:42.280+0000 INFO [o.n.i.d.DiagnosticsManager]  [classpath + loader.0] file:/var/lib/neo4j/lib/netty-all-4.1.32.Final.jar
2019-08-18 04:12:42.280+0000 INFO [o.n.i.d.DiagnosticsManager]  [classpath + loader.0] file:/var/lib/neo4j/lib/opencsv-2.3.jar
2019-08-18 04:12:42.280+0000 INFO [o.n.i.d.DiagnosticsManager]  [classpath + loader.0] file:/var/lib/neo4j/lib/neo4j-configuration-3.5.7.jar
2019-08-18 04:12:42.280+0000 INFO [o.n.i.d.DiagnosticsManager]  [classpath + loader.0] file:/var/lib/neo4j/lib/server-api-3.5.7.jar
2019-08-18 04:12:42.281+0000 INFO [o.n.i.d.DiagnosticsManager]  [classpath + loader.0] file:/var/lib/neo4j/lib/parboiled-scala_2.11-1.1.7.jar
2019-08-18 04:12:42.281+0000 INFO [o.n.i.d.DiagnosticsManager]  [classpath + loader.0] file:/var/lib/neo4j/lib/neo4j-io-3.5.7.jar
2019-08-18 04:12:42.281+0000 INFO [o.n.i.d.DiagnosticsManager]  [classpath + loader.0] file:/var/lib/neo4j/lib/neo4j-graphdb-api-3.5.7.jar
2019-08-18 04:12:42.281+0000 INFO [o.n.i.d.DiagnosticsManager]  [classpath + loader.0] file:/var/lib/neo4j/lib/txw2-2.3.0.1.jar
2019-08-18 04:12:42.281+0000 INFO [o.n.i.d.DiagnosticsManager]  [bootstrap] /usr/local/openjdk-8/classes
2019-08-18 04:12:42.281+0000 INFO [o.n.i.d.DiagnosticsManager]  [classpath + loader.0] file:/var/lib/neo4j/lib/neo4j-cypher-expression-evaluator-3.5.7.jar
2019-08-18 04:12:42.281+0000 INFO [o.n.i.d.DiagnosticsManager]  [classpath + loader.0] file:/var/lib/neo4j/lib/jetty-servlet-9.4.17.v20190418.jar
2019-08-18 04:12:42.281+0000 INFO [o.n.i.d.DiagnosticsManager]  [classpath + loader.0] file:/var/lib/neo4j/lib/neo4j-rewriting-3.5-3.5.7.jar
2019-08-18 04:12:42.281+0000 INFO [o.n.i.d.DiagnosticsManager]  [classpath + loader.0] file:/var/lib/neo4j/lib/neo4j-data-collector-3.5.7.jar
2019-08-18 04:12:42.281+0000 INFO [o.n.i.d.DiagnosticsManager]  [classpath + loader.0] file:/var/lib/neo4j/lib/eclipse-collections-api-9.2.0.jar
2019-08-18 04:12:42.281+0000 INFO [o.n.i.d.DiagnosticsManager]  [classpath + loader.0] file:/var/lib/neo4j/lib/jackson-mapper-asl-1.9.13.jar
2019-08-18 04:12:42.281+0000 INFO [o.n.i.d.DiagnosticsManager]  [classpath + loader.0] file:/var/lib/neo4j/lib/neo4j-collections-3.5.7.jar
2019-08-18 04:12:42.281+0000 INFO [o.n.i.d.DiagnosticsManager]  [classpath + loader.0] file:/var/lib/neo4j/lib/stax-ex-1.7.8.jar
2019-08-18 04:12:42.281+0000 INFO [o.n.i.d.DiagnosticsManager]  [bootstrap] /usr/local/openjdk-8/lib/jfr.jar
2019-08-18 04:12:42.281+0000 INFO [o.n.i.d.DiagnosticsManager]  [classpath + loader.0] file:/var/lib/neo4j/lib/caffeine-2.6.2.jar
2019-08-18 04:12:42.281+0000 INFO [o.n.i.d.DiagnosticsManager]  [classpath + loader.0] file:/var/lib/neo4j/lib/lucene-queryparser-5.5.5.jar
2019-08-18 04:12:42.281+0000 INFO [o.n.i.d.DiagnosticsManager]  [classpath + loader.0] file:/var/lib/neo4j/lib/bcprov-jdk15on-1.60.jar
2019-08-18 04:12:42.281+0000 INFO [o.n.i.d.DiagnosticsManager]  [classpath + loader.0] file:/var/lib/neo4j/lib/jackson-jaxrs-1.9.13.jar
2019-08-18 04:12:42.281+0000 INFO [o.n.i.d.DiagnosticsManager]  [loader.1] file:/usr/local/openjdk-8/lib/ext/nashorn.jar
2019-08-18 04:12:42.281+0000 INFO [o.n.i.d.DiagnosticsManager]  [classpath + loader.0] file:/var/lib/neo4j/lib/neo4j-codegen-3.5.7.jar
2019-08-18 04:12:42.281+0000 INFO [o.n.i.d.DiagnosticsManager]  [bootstrap] /usr/local/openjdk-8/lib/jce.jar
2019-08-18 04:12:42.281+0000 INFO [o.n.i.d.DiagnosticsManager]  [classpath + loader.0] file:/var/lib/neo4j/lib/neo4j-diagnostics-3.5.7.jar
2019-08-18 04:12:42.282+0000 INFO [o.n.i.d.DiagnosticsManager]  [classpath + loader.0] file:/var/lib/neo4j/lib/neo4j-cypher-frontend-3.1-3.1.9.jar
2019-08-18 04:12:42.282+0000 INFO [o.n.i.d.DiagnosticsManager]  [classpath + loader.0] file:/var/lib/neo4j/lib/WMI4Java-1.6.1.jar
2019-08-18 04:12:42.282+0000 INFO [o.n.i.d.DiagnosticsManager]  [classpath + loader.0] file:/var/lib/neo4j/lib/neo4j-cypher-planner-3.4-3.4.14.jar
2019-08-18 04:12:42.282+0000 INFO [o.n.i.d.DiagnosticsManager]  [classpath + loader.0] file:/var/lib/neo4j/lib/jsr311-api-1.1.2.r612.jar
2019-08-18 04:12:42.282+0000 INFO [o.n.i.d.DiagnosticsManager]  [classpath + loader.0] file:/var/lib/neo4j/lib/istack-commons-runtime-3.0.5.jar
2019-08-18 04:12:42.282+0000 INFO [o.n.i.d.DiagnosticsManager]  [classpath + loader.0] file:/var/lib/neo4j/lib/neo4j-cypher-expression-3.4-3.4.14.jar
2019-08-18 04:12:42.282+0000 INFO [o.n.i.d.DiagnosticsManager]  [classpath + loader.0] file:/var/lib/neo4j/lib/neo4j-cypher-frontend-2.3-2.3.12.jar
2019-08-18 04:12:42.282+0000 INFO [o.n.i.d.DiagnosticsManager]  [classpath + loader.0] file:/plugins/
2019-08-18 04:12:42.282+0000 INFO [o.n.i.d.DiagnosticsManager]  [classpath + loader.0] file:/var/lib/neo4j/lib/lucene-analyzers-common-5.5.5.jar
2019-08-18 04:12:42.282+0000 INFO [o.n.i.d.DiagnosticsManager]  [classpath + loader.0] file:/var/lib/neo4j/lib/neo4j-cypher-3.5.7.jar
2019-08-18 04:12:42.282+0000 INFO [o.n.i.d.DiagnosticsManager]  [classpath + loader.0] file:/var/lib/neo4j/lib/bcpkix-jdk15on-1.60.jar
2019-08-18 04:12:42.282+0000 INFO [o.n.i.d.DiagnosticsManager]  [classpath + loader.0] file:/var/lib/neo4j/lib/zstd-jni-1.3.8-6.jar
2019-08-18 04:12:42.282+0000 INFO [o.n.i.d.DiagnosticsManager]  [classpath + loader.0] file:/var/lib/neo4j/lib/neo4j-cypher-ir-3.5-3.5.7.jar
2019-08-18 04:12:42.282+0000 INFO [o.n.i.d.DiagnosticsManager]  [classpath + loader.0] file:/var/lib/neo4j/lib/neo4j-consistency-check-3.5.7.jar
2019-08-18 04:12:42.282+0000 INFO [o.n.i.d.DiagnosticsManager]  [classpath + loader.0] file:/var/lib/neo4j/lib/neo4j-cypher-logical-plans-3.5-3.5.7.jar
2019-08-18 04:12:42.282+0000 INFO [o.n.i.d.DiagnosticsManager]  [classpath + loader.0] file:/var/lib/neo4j/lib/commons-logging-1.1.1.jar
2019-08-18 04:12:42.282+0000 INFO [o.n.i.d.DiagnosticsManager]  [classpath + loader.0] file:/var/lib/neo4j/lib/commons-text-1.4.jar
2019-08-18 04:12:42.282+0000 INFO [o.n.i.d.DiagnosticsManager]  [loader.1] file:/usr/local/openjdk-8/lib/ext/jaccess.jar
2019-08-18 04:12:42.282+0000 INFO [o.n.i.d.DiagnosticsManager]  [classpath + loader.0] file:/var/lib/neo4j/lib/neo4j-graph-matching-3.1.9.jar
2019-08-18 04:12:42.282+0000 INFO [o.n.i.d.DiagnosticsManager]  [classpath + loader.0] file:/var/lib/neo4j/lib/parboiled-core-1.1.7.jar
2019-08-18 04:12:42.282+0000 INFO [o.n.i.d.DiagnosticsManager]  [classpath + loader.0] file:/var/lib/neo4j/lib/neo4j-server-3.5.7.jar
2019-08-18 04:12:42.282+0000 INFO [o.n.i.d.DiagnosticsManager]  [classpath + loader.0] file:/var/lib/neo4j/lib/jetty-security-9.4.17.v20190418.jar
2019-08-18 04:12:42.283+0000 INFO [o.n.i.d.DiagnosticsManager] Library path:
2019-08-18 04:12:42.283+0000 INFO [o.n.i.d.DiagnosticsManager] /usr/java/packages/lib/amd64
2019-08-18 04:12:42.283+0000 INFO [o.n.i.d.DiagnosticsManager] /usr/lib64
2019-08-18 04:12:42.283+0000 INFO [o.n.i.d.DiagnosticsManager] /lib64
2019-08-18 04:12:42.283+0000 INFO [o.n.i.d.DiagnosticsManager] /lib
2019-08-18 04:12:42.283+0000 INFO [o.n.i.d.DiagnosticsManager] /usr/lib
2019-08-18 04:12:42.283+0000 INFO [o.n.i.d.DiagnosticsManager] System.properties:
2019-08-18 04:12:42.283+0000 INFO [o.n.i.d.DiagnosticsManager] sun.boot.library.path = /usr/local/openjdk-8/lib/amd64
2019-08-18 04:12:42.283+0000 INFO [o.n.i.d.DiagnosticsManager] jdk.tls.rejectClientInitiatedRenegotiation = true
2019-08-18 04:12:42.283+0000 INFO [o.n.i.d.DiagnosticsManager] path.separator = :
2019-08-18 04:12:42.283+0000 INFO [o.n.i.d.DiagnosticsManager] file.encoding.pkg = sun.io
2019-08-18 04:12:42.283+0000 INFO [o.n.i.d.DiagnosticsManager] sun.java.launcher = SUN_STANDARD
2019-08-18 04:12:42.284+0000 INFO [o.n.i.d.DiagnosticsManager] sun.os.patch.level = unknown
2019-08-18 04:12:42.284+0000 INFO [o.n.i.d.DiagnosticsManager] user.dir = /var/lib/neo4j
2019-08-18 04:12:42.284+0000 INFO [o.n.i.d.DiagnosticsManager] sun.jnu.encoding = UTF-8
2019-08-18 04:12:42.284+0000 INFO [o.n.i.d.DiagnosticsManager] unsupported.dbms.udc.source = tarball
2019-08-18 04:12:42.284+0000 INFO [o.n.i.d.DiagnosticsManager] sun.management.compiler = HotSpot 64-Bit Tiered Compilers
2019-08-18 04:12:42.284+0000 INFO [o.n.i.d.DiagnosticsManager] user.home = /var/lib/neo4j
2019-08-18 04:12:42.284+0000 INFO [o.n.i.d.DiagnosticsManager] user.timezone = Etc/UTC
2019-08-18 04:12:42.284+0000 INFO [o.n.i.d.DiagnosticsManager] file.encoding = UTF-8
2019-08-18 04:12:42.284+0000 INFO [o.n.i.d.DiagnosticsManager] user.name = neo4j
2019-08-18 04:12:42.284+0000 INFO [o.n.i.d.DiagnosticsManager] sun.java.command = org.neo4j.server.CommunityEntryPoint --home-dir=/var/lib/neo4j --config-dir=/var/lib/neo4j/conf
2019-08-18 04:12:42.284+0000 INFO [o.n.i.d.DiagnosticsManager] sun.arch.data.model = 64
2019-08-18 04:12:42.284+0000 INFO [o.n.i.d.DiagnosticsManager] user.language = en
2019-08-18 04:12:42.284+0000 INFO [o.n.i.d.DiagnosticsManager] awt.toolkit = sun.awt.X11.XToolkit
2019-08-18 04:12:42.284+0000 INFO [o.n.i.d.DiagnosticsManager] jdk.tls.ephemeralDHKeySize = 2048
2019-08-18 04:12:42.284+0000 INFO [o.n.i.d.DiagnosticsManager] file.separator = /
2019-08-18 04:12:42.284+0000 INFO [o.n.i.d.DiagnosticsManager] sun.io.unicode.encoding = UnicodeLittle
2019-08-18 04:12:42.284+0000 INFO [o.n.i.d.DiagnosticsManager] sun.cpu.endian = little
2019-08-18 04:12:42.284+0000 INFO [o.n.i.d.DiagnosticsManager] sun.cpu.isalist = 
2019-08-18 04:12:42.284+0000 INFO [o.n.i.d.DiagnosticsManager] (IANA) TimeZone Database Version:
2019-08-18 04:12:42.314+0000 INFO [o.n.i.d.DiagnosticsManager]   TimeZone version: 2019a (available for 600 zone identifiers)
2019-08-18 04:12:42.314+0000 INFO [o.n.i.d.DiagnosticsManager] Linux scheduler information:
2019-08-18 04:12:42.319+0000 INFO [o.n.i.d.DiagnosticsManager] [mq-deadline] none
2019-08-18 04:12:42.319+0000 INFO [o.n.i.d.DiagnosticsManager] [mq-deadline] none
2019-08-18 04:12:42.320+0000 INFO [o.n.i.d.DiagnosticsManager] [mq-deadline] none
2019-08-18 04:12:42.320+0000 INFO [o.n.i.d.DiagnosticsManager] [none] mq-deadline 
2019-08-18 04:12:42.320+0000 INFO [o.n.i.d.DiagnosticsManager] [mq-deadline] none
2019-08-18 04:12:42.320+0000 INFO [o.n.i.d.DiagnosticsManager] [mq-deadline] none
2019-08-18 04:12:42.320+0000 INFO [o.n.i.d.DiagnosticsManager] [mq-deadline] none
2019-08-18 04:12:42.320+0000 INFO [o.n.i.d.DiagnosticsManager] [mq-deadline] none
2019-08-18 04:12:42.320+0000 INFO [o.n.i.d.DiagnosticsManager] [mq-deadline] none
2019-08-18 04:12:42.321+0000 INFO [o.n.i.d.DiagnosticsManager] [mq-deadline] none
2019-08-18 04:12:42.321+0000 INFO [o.n.i.d.DiagnosticsManager] [mq-deadline] none
2019-08-18 04:12:42.321+0000 INFO [o.n.i.d.DiagnosticsManager] [mq-deadline] none
2019-08-18 04:12:42.321+0000 INFO [o.n.i.d.DiagnosticsManager] [mq-deadline] none
2019-08-18 04:12:42.321+0000 INFO [o.n.i.d.DiagnosticsManager] [mq-deadline] none
2019-08-18 04:12:42.321+0000 INFO [o.n.i.d.DiagnosticsManager] [mq-deadline] none
2019-08-18 04:12:42.322+0000 INFO [o.n.i.d.DiagnosticsManager] [mq-deadline] none
2019-08-18 04:12:42.322+0000 INFO [o.n.i.d.DiagnosticsManager] [mq-deadline] none
2019-08-18 04:12:42.322+0000 INFO [o.n.i.d.DiagnosticsManager] [mq-deadline] none
2019-08-18 04:12:42.322+0000 INFO [o.n.i.d.DiagnosticsManager] [mq-deadline] none
2019-08-18 04:12:42.322+0000 INFO [o.n.i.d.DiagnosticsManager] [mq-deadline] none
2019-08-18 04:12:42.322+0000 INFO [o.n.i.d.DiagnosticsManager] [mq-deadline] none
2019-08-18 04:12:42.322+0000 INFO [o.n.i.d.DiagnosticsManager] [mq-deadline] none
2019-08-18 04:12:42.323+0000 INFO [o.n.i.d.DiagnosticsManager] [mq-deadline] none
2019-08-18 04:12:42.323+0000 INFO [o.n.i.d.DiagnosticsManager] [mq-deadline] none
2019-08-18 04:12:42.323+0000 INFO [o.n.i.d.DiagnosticsManager] [mq-deadline] none
2019-08-18 04:12:42.323+0000 INFO [o.n.i.d.DiagnosticsManager] [mq-deadline] none
2019-08-18 04:12:42.323+0000 INFO [o.n.i.d.DiagnosticsManager] [mq-deadline] none
2019-08-18 04:12:42.323+0000 INFO [o.n.i.d.DiagnosticsManager] [mq-deadline] none
2019-08-18 04:12:42.324+0000 INFO [o.n.i.d.DiagnosticsManager] [mq-deadline] none
2019-08-18 04:12:42.324+0000 INFO [o.n.i.d.DiagnosticsManager] [mq-deadline] none
2019-08-18 04:12:42.324+0000 INFO [o.n.i.d.DiagnosticsManager] [mq-deadline] none
2019-08-18 04:12:42.324+0000 INFO [o.n.i.d.DiagnosticsManager] [mq-deadline] none
2019-08-18 04:12:42.324+0000 INFO [o.n.i.d.DiagnosticsManager] Network information:
2019-08-18 04:12:42.325+0000 INFO [o.n.i.d.DiagnosticsManager] Interface eth0:
2019-08-18 04:12:42.325+0000 INFO [o.n.i.d.DiagnosticsManager]     address: 172.22.0.3
2019-08-18 04:12:42.325+0000 INFO [o.n.i.d.DiagnosticsManager] Interface lo:
2019-08-18 04:12:42.325+0000 INFO [o.n.i.d.DiagnosticsManager]     address: 127.0.0.1
2019-08-18 04:12:42.325+0000 INFO [o.n.i.d.DiagnosticsManager] --- INITIALIZED diagnostics END ---
2019-08-18 04:12:42.467+0000 INFO [o.n.k.i.s.f.RecordFormatSelector] Selected format 'RecordFormat:StandardV3_4[v0.A.9]' for the new store
2019-08-18 04:12:42.943+0000 INFO [o.n.k.i.i.l.NativeLabelScanStore] No label index found, this might just be first use. Preparing to rebuild.
2019-08-18 04:12:42.975+0000 INFO [o.n.k.NeoStoreDataSource] Rotated to transaction log [/var/lib/neo4j/data/databases/graph.db/neostore.transaction.db.0] version=0, last transaction in previous log=1
2019-08-18 04:12:42.976+0000 INFO [o.n.k.NeoStoreDataSource] No commits found after last check point (which is at <no log position given>)
2019-08-18 04:12:42.983+0000 WARN [o.n.k.i.s.MetaDataStore] Missing counts store, rebuilding it.
2019-08-18 04:12:42.988+0000 WARN [o.n.k.i.s.MetaDataStore] Counts store rebuild completed.
2019-08-18 04:12:43.002+0000 INFO [o.n.k.i.i.l.NativeLabelScanStore] Rebuilding label index, this may take a while
2019-08-18 04:12:43.013+0000 INFO [o.n.k.i.i.l.NativeLabelScanStore] Label index rebuilt (roughly 0 nodes)
2019-08-18 04:12:43.017+0000 INFO [o.n.i.d.DiagnosticsManager] --- STARTED diagnostics for KernelDiagnostics:Versions START ---
2019-08-18 04:12:43.017+0000 INFO [o.n.i.d.DiagnosticsManager] Graph Database: community single StoreId{creationTime=1566101562690, randomId=-8256317338502079961, storeVersion=16094931155187206, upgradeTime=1566101562690, upgradeId=1}
2019-08-18 04:12:43.018+0000 INFO [o.n.i.d.DiagnosticsManager] Kernel version: 3.5.7,6772f231cfbfde519b989ac74b2d4a5335df5cdd
2019-08-18 04:12:43.018+0000 INFO [o.n.i.d.DiagnosticsManager] --- STARTED diagnostics for KernelDiagnostics:Versions END ---
2019-08-18 04:12:43.019+0000 INFO [o.n.i.d.DiagnosticsManager] --- STARTED diagnostics for NEO_STORE_VERSIONS START ---
2019-08-18 04:12:43.019+0000 INFO [o.n.i.d.DiagnosticsManager] Store versions:
2019-08-18 04:12:43.019+0000 INFO [o.n.i.d.DiagnosticsManager]   ArrayPropertyStore v0.A.9
2019-08-18 04:12:43.019+0000 INFO [o.n.i.d.DiagnosticsManager]   NodeStore v0.A.9
2019-08-18 04:12:43.019+0000 INFO [o.n.i.d.DiagnosticsManager]   StringPropertyStore v0.A.9
2019-08-18 04:12:43.019+0000 INFO [o.n.i.d.DiagnosticsManager]   PropertyIndexStore v0.A.9
2019-08-18 04:12:43.020+0000 INFO [o.n.i.d.DiagnosticsManager]   StringPropertyStore v0.A.9
2019-08-18 04:12:43.020+0000 INFO [o.n.i.d.DiagnosticsManager]   ArrayPropertyStore v0.A.9
2019-08-18 04:12:43.020+0000 INFO [o.n.i.d.DiagnosticsManager]   PropertyStore v0.A.9
2019-08-18 04:12:43.020+0000 INFO [o.n.i.d.DiagnosticsManager]   RelationshipStore v0.A.9
2019-08-18 04:12:43.020+0000 INFO [o.n.i.d.DiagnosticsManager]   StringPropertyStore v0.A.9
2019-08-18 04:12:43.020+0000 INFO [o.n.i.d.DiagnosticsManager]   RelationshipTypeStore v0.A.9
2019-08-18 04:12:43.020+0000 INFO [o.n.i.d.DiagnosticsManager]   StringPropertyStore v0.A.9
2019-08-18 04:12:43.020+0000 INFO [o.n.i.d.DiagnosticsManager]   LabelTokenStore v0.A.9
2019-08-18 04:12:43.020+0000 INFO [o.n.i.d.DiagnosticsManager]   SchemaStore v0.A.9
2019-08-18 04:12:43.020+0000 INFO [o.n.i.d.DiagnosticsManager]   RelationshipGroupStore v0.A.9
2019-08-18 04:12:43.020+0000 INFO [o.n.i.d.DiagnosticsManager]   NeoStore v0.A.9
2019-08-18 04:12:43.020+0000 INFO [o.n.i.d.DiagnosticsManager] --- STARTED diagnostics for NEO_STORE_VERSIONS END ---
2019-08-18 04:12:43.020+0000 INFO [o.n.i.d.DiagnosticsManager] --- STARTED diagnostics for NEO_STORE_ID_USAGE START ---
2019-08-18 04:12:43.020+0000 INFO [o.n.i.d.DiagnosticsManager] Id usage:
2019-08-18 04:12:43.021+0000 INFO [o.n.i.d.DiagnosticsManager]   ArrayPropertyStore: used=1 high=0
2019-08-18 04:12:43.021+0000 INFO [o.n.i.d.DiagnosticsManager]   NodeStore: used=0 high=-1
2019-08-18 04:12:43.021+0000 INFO [o.n.i.d.DiagnosticsManager]   StringPropertyStore: used=1 high=0
2019-08-18 04:12:43.021+0000 INFO [o.n.i.d.DiagnosticsManager]   PropertyIndexStore: used=0 high=-1
2019-08-18 04:12:43.021+0000 INFO [o.n.i.d.DiagnosticsManager]   StringPropertyStore: used=1 high=0
2019-08-18 04:12:43.021+0000 INFO [o.n.i.d.DiagnosticsManager]   ArrayPropertyStore: used=1 high=0
2019-08-18 04:12:43.021+0000 INFO [o.n.i.d.DiagnosticsManager]   PropertyStore: used=0 high=-1
2019-08-18 04:12:43.021+0000 INFO [o.n.i.d.DiagnosticsManager]   RelationshipStore: used=0 high=-1
2019-08-18 04:12:43.021+0000 INFO [o.n.i.d.DiagnosticsManager]   StringPropertyStore: used=1 high=0
2019-08-18 04:12:43.021+0000 INFO [o.n.i.d.DiagnosticsManager]   RelationshipTypeStore: used=0 high=-1
2019-08-18 04:12:43.021+0000 INFO [o.n.i.d.DiagnosticsManager]   StringPropertyStore: used=1 high=0
2019-08-18 04:12:43.022+0000 INFO [o.n.i.d.DiagnosticsManager]   LabelTokenStore: used=0 high=-1
2019-08-18 04:12:43.022+0000 INFO [o.n.i.d.DiagnosticsManager]   SchemaStore: used=1 high=0
2019-08-18 04:12:43.022+0000 INFO [o.n.i.d.DiagnosticsManager]   RelationshipGroupStore: used=1 high=0
2019-08-18 04:12:43.022+0000 INFO [o.n.i.d.DiagnosticsManager]   NeoStore: used=15 high=14
2019-08-18 04:12:43.022+0000 INFO [o.n.i.d.DiagnosticsManager] --- STARTED diagnostics for NEO_STORE_ID_USAGE END ---
2019-08-18 04:12:43.022+0000 INFO [o.n.i.d.DiagnosticsManager] --- STARTED diagnostics for NEO_STORE_RECORDS START ---
2019-08-18 04:12:43.022+0000 INFO [o.n.i.d.DiagnosticsManager] Neostore records:
2019-08-18 04:12:43.022+0000 INFO [o.n.i.d.DiagnosticsManager] TIME (Creation time): 1566101562690
2019-08-18 04:12:43.022+0000 INFO [o.n.i.d.DiagnosticsManager] RANDOM_NUMBER (Random number for store id): -8256317338502079961
2019-08-18 04:12:43.023+0000 INFO [o.n.i.d.DiagnosticsManager] LOG_VERSION (Current log version): 0
2019-08-18 04:12:43.023+0000 INFO [o.n.i.d.DiagnosticsManager] LAST_TRANSACTION_ID (Last committed transaction): 1
2019-08-18 04:12:43.023+0000 INFO [o.n.i.d.DiagnosticsManager] STORE_VERSION (Store format version): 16094931155187206
2019-08-18 04:12:43.023+0000 INFO [o.n.i.d.DiagnosticsManager] FIRST_GRAPH_PROPERTY (First property record containing graph properties): -1
2019-08-18 04:12:43.023+0000 INFO [o.n.i.d.DiagnosticsManager] LAST_CONSTRAINT_TRANSACTION (Last committed transaction containing constraint changes): 0
2019-08-18 04:12:43.023+0000 INFO [o.n.i.d.DiagnosticsManager] UPGRADE_TRANSACTION_ID (Transaction id most recent upgrade was performed at): 1
2019-08-18 04:12:43.023+0000 INFO [o.n.i.d.DiagnosticsManager] UPGRADE_TIME (Time of last upgrade): 1566101562690
2019-08-18 04:12:43.023+0000 INFO [o.n.i.d.DiagnosticsManager] LAST_TRANSACTION_CHECKSUM (Checksum of last committed transaction): 0
2019-08-18 04:12:43.023+0000 INFO [o.n.i.d.DiagnosticsManager] UPGRADE_TRANSACTION_CHECKSUM (Checksum of transaction id the most recent upgrade was performed at): 0
2019-08-18 04:12:43.023+0000 INFO [o.n.i.d.DiagnosticsManager] LAST_CLOSED_TRANSACTION_LOG_VERSION (Log version where the last transaction commit entry has been written into): 0
2019-08-18 04:12:43.023+0000 INFO [o.n.i.d.DiagnosticsManager] LAST_CLOSED_TRANSACTION_LOG_BYTE_OFFSET (Byte offset in the log file where the last transaction commit entry has been written into): 16
2019-08-18 04:12:43.023+0000 INFO [o.n.i.d.DiagnosticsManager] LAST_TRANSACTION_COMMIT_TIMESTAMP (Commit time timestamp for last committed transaction): 0
2019-08-18 04:12:43.023+0000 INFO [o.n.i.d.DiagnosticsManager] UPGRADE_TRANSACTION_COMMIT_TIMESTAMP (Commit timestamp of transaction the most recent upgrade was performed at): 0
2019-08-18 04:12:43.023+0000 INFO [o.n.i.d.DiagnosticsManager] --- STARTED diagnostics for NEO_STORE_RECORDS END ---
2019-08-18 04:12:43.024+0000 INFO [o.n.i.d.DiagnosticsManager] --- STARTED diagnostics for TRANSACTION_RANGE START ---
2019-08-18 04:12:43.024+0000 INFO [o.n.i.d.DiagnosticsManager] Transaction log:
2019-08-18 04:12:43.025+0000 INFO [o.n.i.d.DiagnosticsManager] No transactions found in any log
2019-08-18 04:12:43.025+0000 INFO [o.n.i.d.DiagnosticsManager] --- STARTED diagnostics for TRANSACTION_RANGE END ---
2019-08-18 04:12:43.027+0000 INFO [o.n.i.d.DiagnosticsManager] --- STARTED diagnostics for KernelDiagnostics:StoreFiles START ---
2019-08-18 04:12:43.028+0000 INFO [o.n.i.d.DiagnosticsManager] Disk space on partition (Total / Free / Free %): 92353167360 / 58890838016 / 63
2019-08-18 04:12:43.028+0000 INFO [o.n.i.d.DiagnosticsManager] Storage files: (filename : modification date - size)
2019-08-18 04:12:43.030+0000 INFO [o.n.i.d.DiagnosticsManager]   index:
2019-08-18 04:12:43.031+0000 INFO [o.n.i.d.DiagnosticsManager]   - Total: 2019-08-18T04:12:42+0000 - 0.00 B
2019-08-18 04:12:43.031+0000 INFO [o.n.i.d.DiagnosticsManager]   neostore: 2019-08-18T04:12:42+0000 - 8.00 kB
2019-08-18 04:12:43.031+0000 INFO [o.n.i.d.DiagnosticsManager]   neostore.counts.db.a: 2019-08-18T04:12:42+0000 - 96.00 B
2019-08-18 04:12:43.031+0000 INFO [o.n.i.d.DiagnosticsManager]   neostore.id: 2019-08-18T04:12:42+0000 - 9.00 B
2019-08-18 04:12:43.031+0000 INFO [o.n.i.d.DiagnosticsManager]   neostore.labelscanstore.db: 2019-08-18T04:12:43+0000 - 40.00 kB
2019-08-18 04:12:43.031+0000 INFO [o.n.i.d.DiagnosticsManager]   neostore.labeltokenstore.db: 2019-08-18T04:12:42+0000 - 0.00 B
2019-08-18 04:12:43.032+0000 INFO [o.n.i.d.DiagnosticsManager]   neostore.labeltokenstore.db.id: 2019-08-18T04:12:42+0000 - 9.00 B
2019-08-18 04:12:43.032+0000 INFO [o.n.i.d.DiagnosticsManager]   neostore.labeltokenstore.db.names: 2019-08-18T04:12:42+0000 - 8.00 kB
2019-08-18 04:12:43.032+0000 INFO [o.n.i.d.DiagnosticsManager]   neostore.labeltokenstore.db.names.id: 2019-08-18T04:12:42+0000 - 9.00 B
2019-08-18 04:12:43.032+0000 INFO [o.n.i.d.DiagnosticsManager]   neostore.nodestore.db: 2019-08-18T04:12:42+0000 - 0.00 B
2019-08-18 04:12:43.032+0000 INFO [o.n.i.d.DiagnosticsManager]   neostore.nodestore.db.id: 2019-08-18T04:12:42+0000 - 9.00 B
2019-08-18 04:12:43.032+0000 INFO [o.n.i.d.DiagnosticsManager]   neostore.nodestore.db.labels: 2019-08-18T04:12:42+0000 - 8.00 kB
2019-08-18 04:12:43.032+0000 INFO [o.n.i.d.DiagnosticsManager]   neostore.nodestore.db.labels.id: 2019-08-18T04:12:42+0000 - 9.00 B
2019-08-18 04:12:43.033+0000 INFO [o.n.i.d.DiagnosticsManager]   neostore.propertystore.db: 2019-08-18T04:12:42+0000 - 0.00 B
2019-08-18 04:12:43.033+0000 INFO [o.n.i.d.DiagnosticsManager]   neostore.propertystore.db.arrays: 2019-08-18T04:12:42+0000 - 8.00 kB
2019-08-18 04:12:43.033+0000 INFO [o.n.i.d.DiagnosticsManager]   neostore.propertystore.db.arrays.id: 2019-08-18T04:12:42+0000 - 9.00 B
2019-08-18 04:12:43.033+0000 INFO [o.n.i.d.DiagnosticsManager]   neostore.propertystore.db.id: 2019-08-18T04:12:42+0000 - 9.00 B
2019-08-18 04:12:43.033+0000 INFO [o.n.i.d.DiagnosticsManager]   neostore.propertystore.db.index: 2019-08-18T04:12:42+0000 - 0.00 B
2019-08-18 04:12:43.033+0000 INFO [o.n.i.d.DiagnosticsManager]   neostore.propertystore.db.index.id: 2019-08-18T04:12:42+0000 - 9.00 B
2019-08-18 04:12:43.033+0000 INFO [o.n.i.d.DiagnosticsManager]   neostore.propertystore.db.index.keys: 2019-08-18T04:12:42+0000 - 8.00 kB
2019-08-18 04:12:43.034+0000 INFO [o.n.i.d.DiagnosticsManager]   neostore.propertystore.db.index.keys.id: 2019-08-18T04:12:42+0000 - 9.00 B
2019-08-18 04:12:43.034+0000 INFO [o.n.i.d.DiagnosticsManager]   neostore.propertystore.db.strings: 2019-08-18T04:12:42+0000 - 8.00 kB
2019-08-18 04:12:43.034+0000 INFO [o.n.i.d.DiagnosticsManager]   neostore.propertystore.db.strings.id: 2019-08-18T04:12:42+0000 - 9.00 B
2019-08-18 04:12:43.034+0000 INFO [o.n.i.d.DiagnosticsManager]   neostore.relationshipgroupstore.db: 2019-08-18T04:12:42+0000 - 8.00 kB
2019-08-18 04:12:43.034+0000 INFO [o.n.i.d.DiagnosticsManager]   neostore.relationshipgroupstore.db.id: 2019-08-18T04:12:42+0000 - 9.00 B
2019-08-18 04:12:43.034+0000 INFO [o.n.i.d.DiagnosticsManager]   neostore.relationshipstore.db: 2019-08-18T04:12:42+0000 - 0.00 B
2019-08-18 04:12:43.035+0000 INFO [o.n.i.d.DiagnosticsManager]   neostore.relationshipstore.db.id: 2019-08-18T04:12:42+0000 - 9.00 B
2019-08-18 04:12:43.035+0000 INFO [o.n.i.d.DiagnosticsManager]   neostore.relationshiptypestore.db: 2019-08-18T04:12:42+0000 - 0.00 B
2019-08-18 04:12:43.035+0000 INFO [o.n.i.d.DiagnosticsManager]   neostore.relationshiptypestore.db.id: 2019-08-18T04:12:42+0000 - 9.00 B
2019-08-18 04:12:43.035+0000 INFO [o.n.i.d.DiagnosticsManager]   neostore.relationshiptypestore.db.names: 2019-08-18T04:12:42+0000 - 8.00 kB
2019-08-18 04:12:43.035+0000 INFO [o.n.i.d.DiagnosticsManager]   neostore.relationshiptypestore.db.names.id: 2019-08-18T04:12:42+0000 - 9.00 B
2019-08-18 04:12:43.035+0000 INFO [o.n.i.d.DiagnosticsManager]   neostore.schemastore.db: 2019-08-18T04:12:42+0000 - 8.00 kB
2019-08-18 04:12:43.035+0000 INFO [o.n.i.d.DiagnosticsManager]   neostore.schemastore.db.id: 2019-08-18T04:12:42+0000 - 9.00 B
2019-08-18 04:12:43.036+0000 INFO [o.n.i.d.DiagnosticsManager]   neostore.transaction.db.0: 2019-08-18T04:12:42+0000 - 16.00 B
2019-08-18 04:12:43.036+0000 INFO [o.n.i.d.DiagnosticsManager] Storage summary: 
2019-08-18 04:12:43.036+0000 INFO [o.n.i.d.DiagnosticsManager]   Total size of store: 112.24 kB
2019-08-18 04:12:43.036+0000 INFO [o.n.i.d.DiagnosticsManager]   Total size of mapped files: 112.00 kB
2019-08-18 04:12:43.036+0000 INFO [o.n.i.d.DiagnosticsManager] --- STARTED diagnostics for KernelDiagnostics:StoreFiles END ---
2019-08-18 04:12:43.036+0000 INFO [o.n.k.a.DatabaseAvailabilityGuard] Fulfilling of requirement 'Database available' makes database graph.db available.
2019-08-18 04:12:43.036+0000 INFO [o.n.k.a.DatabaseAvailabilityGuard] Database graph.db is ready.
2019-08-18 04:12:43.036+0000 INFO [o.n.k.i.DatabaseHealth] Database health set to OK
2019-08-18 04:12:43.470+0000 INFO [o.n.b.BoltServer] Bolt server loaded
2019-08-18 04:12:43.554+0000 INFO [o.n.b.BoltServer] Bolt enabled on 0.0.0.0:7687.
2019-08-18 04:12:44.742+0000 INFO [o.n.i.d.DiagnosticsManager] --- SERVER STARTED START ---
2019-08-18 04:12:45.503+0000 INFO [o.n.i.d.DiagnosticsManager] --- SERVER STARTED END ---
2019-08-18 04:23:17.947+0000 INFO [o.n.k.a.DatabaseAvailabilityGuard] Database graph.db is unavailable.
2019-08-18 04:23:17.957+0000 INFO [o.n.g.f.GraphDatabaseFacadeFactory] Shutdown started
2019-08-18 04:23:17.972+0000 INFO [o.n.g.f.GraphDatabaseFacadeFactory] Shutting down 'graph.db' database.
2019-08-18 04:23:17.972+0000 INFO [o.n.g.f.GraphDatabaseFacadeFactory] Shutdown started
2019-08-18 04:23:17.975+0000 INFO [o.n.k.i.t.l.c.CheckPointerImpl] Checkpoint triggered by "Database shutdown" @ txId: 1 checkpoint started...
2019-08-18 04:23:17.988+0000 INFO [o.n.k.i.t.l.c.CheckPointerImpl] Checkpoint triggered by "Database shutdown" @ txId: 1 checkpoint completed in 12ms
2019-08-18 04:23:17.988+0000 INFO [o.n.k.i.t.l.p.LogPruningImpl] No log version pruned, last checkpoint was made in version 0
2019-08-18 04:23:18.013+0000 INFO [o.n.i.d.DiagnosticsManager] --- STOPPING diagnostics START ---
2019-08-18 04:23:18.013+0000 INFO [o.n.i.d.DiagnosticsManager] --- STOPPING diagnostics END ---
